[7/23/2023, 12:51:37 PM] 200 OK response time: 13 ms
[7/23/2023, 12:52:54 PM] 200 OK response time: 9 ms
[7/23/2023, 12:52:55 PM] 200 OK response time: 12 ms
[7/23/2023, 12:52:55 PM] 200 OK response time: 6 ms
[7/23/2023, 12:52:55 PM] 200 OK response time: 13 ms
[7/23/2023, 12:52:55 PM] 200 OK response time: 13 ms
[7/23/2023, 12:56:42 PM] 404 Not Found response time: 13 ms
[7/23/2023, 12:56:42 PM] 404 Not Found response time: 13 ms
[7/23/2023, 12:56:42 PM] 404 Not Found response time: 454 ms
[7/23/2023, 12:56:42 PM] 404 Not Found response time: 85 ms
[7/23/2023, 12:56:43 PM] 404 Not Found response time: 44 ms
[7/23/2023, 12:56:43 PM] 404 Not Found response time: 57 ms
[7/23/2023, 12:56:45 PM] 404 Not Found response time: 60 ms
[7/23/2023, 12:56:45 PM] 404 Not Found response time: 43 ms
[7/23/2023, 12:56:46 PM] 404 Not Found response time: 46 ms
[7/23/2023, 12:56:46 PM] 404 Not Found response time: 39 ms
[7/23/2023, 12:56:47 PM] 404 Not Found response time: 34 ms
[7/23/2023, 12:56:48 PM] 404 Not Found response time: 40 ms
[7/23/2023, 12:56:48 PM] 404 Not Found response time: 35 ms
[7/23/2023, 12:56:48 PM] 404 Not Found response time: 47 ms
[7/23/2023, 12:56:52 PM] 404 Not Found response time: 42 ms
[undefined] undefined undefined response time: undefined ms
[7/23/2023, 1:04:20 PM] 200 OK response time: undefined ms
[7/23/2023, 1:04:21 PM] 200 OK response time: 14 ms
[7/23/2023, 1:04:21 PM] 200 OK response time: 13 ms
[7/23/2023, 1:04:23 PM] 200 OK response time: 11 ms
[7/23/2023, 1:04:26 PM] 404 Not Found response time: 8 ms
[7/23/2023, 1:04:27 PM] 404 Not Found response time: 7 ms
[7/23/2023, 1:04:27 PM] 404 Not Found response time: 11 ms
[7/23/2023, 1:04:27 PM] 404 Not Found response time: 7 ms
[7/23/2023, 1:04:29 PM] 404 Not Found response time: 7 ms
[7/23/2023, 1:04:29 PM] 404 Not Found response time: 10 ms
[7/23/2023, 3:49:09 PM] 404 Not Found response time: undefined ms
[7/23/2023, 3:50:10 PM] 404 Not Found response time: 262 ms
[7/23/2023, 3:50:42 PM] 404 Not Found response time: 71 ms
[7/23/2023, 3:50:43 PM] 404 Not Found response time: 58 ms
[7/23/2023, 3:50:43 PM] 404 Not Found response time: 36 ms
[7/23/2023, 3:51:33 PM] 200 OK response time: 33 ms
[7/23/2023, 3:51:53 PM] 200 OK response time: 90 ms
[7/23/2023, 3:54:23 PM] 500 Internal Server Error response time: 18 ms
[7/23/2023, 3:54:24 PM] 500 Internal Server Error response time: 6 ms
[7/23/2023, 3:54:24 PM] 500 Internal Server Error response time: 6 ms
[7/23/2023, 3:55:13 PM] 300 Multiple Choices response time: 9 ms
[7/23/2023, 3:55:14 PM] 300 Multiple Choices response time: 19 ms
