{
  meta: {
    req: {
      url: '/error',
      headers: {
        host: 'localhost:4000',
        'user-agent': 'insomnia/2023.4.0',
        cookie: 'connect.sid=s%3AnRfpk1sbqbIJBrVo3XJqqaGppEjx89OE.%2B8aUe9sK2zcwg0ncAhdDvRp0MrHzkyNajetXncGhGFQ',
        'content-type': 'application/json',
        accept: '*/*',
        'content-length': '58'
      },
      method: 'GET',
      httpVersion: '1.1',
      originalUrl: '/error',
      query: {}
    },
    res: { statusCode: 500 },
    responseTime: 11
  },
  level: 'error',
  message: 'HTTP GET /error'
}
{
  meta: {
    req: {
      url: '/products',
      headers: {
        host: 'localhost:4000',
        'user-agent': 'insomnia/2023.4.0',
        cookie: 'connect.sid=s%3AGzPXsPOZLy9Xj8VsCwnWst3ikJDI8SwM.5XMmLfRe2K1s1QL1PFxkENNF0M8AomC9LUX9Qo%2Fc3Mw',
        'content-type': 'application/json',
        accept: '*/*',
        'content-length': '58'
      },
      method: 'GET',
      httpVersion: '1.1',
      originalUrl: '/products',
      query: {}
    },
    res: { statusCode: 500 },
    responseTime: 10
  },
  level: 'error',
  message: 'HTTP GET /products'
}
{
  meta: {
    req: {
      url: '/',
      headers: {
        host: 'localhost:4000',
        connection: 'keep-alive',
        'cache-control': 'max-age=0',
        'sec-ch-ua': '"Not.A/Brand";v="8", "Chromium";v="114", "Google Chrome";v="114"',
        'sec-ch-ua-mobile': '?0',
        'sec-ch-ua-platform': '"Windows"',
        dnt: '1',
        'upgrade-insecure-requests': '1',
        'user-agent': 'Mozilla/5.0 (Windows NT 10.0; Win64; x64) AppleWebKit/537.36 (KHTML, like Gecko) Chrome/114.0.0.0 Safari/537.36',
        accept: 'text/html,application/xhtml+xml,application/xml;q=0.9,image/avif,image/webp,image/apng,*/*;q=0.8,application/signed-exchange;v=b3;q=0.7',
        'sec-fetch-site': 'cross-site',
        'sec-fetch-mode': 'navigate',
        'sec-fetch-user': '?1',
        'sec-fetch-dest': 'document',
        'accept-encoding': 'gzip, deflate, br',
        'accept-language': 'en,en-US;q=0.9,ro;q=0.8,fr;q=0.7',
        cookie: '__session=eyJhbGciOiJSUzI1NiIsImtpZCI6Imluc18yUlBkSjFHT1oxcW00Tk80bU1PdFAxdWZCa2wiLCJ0eXAiOiJKV1QifQ.eyJhenAiOiJodHRwOi8vbG9jYWxob3N0OjMwMDAiLCJleHAiOjE2ODg3MTMxOTcsImlhdCI6MTY4ODcxMzEzNywiaXNzIjoiaHR0cHM6Ly9nbG9yaW91cy1zdW5maXNoLTYxLmNsZXJrLmFjY291bnRzLmRldiIsIm5iZiI6MTY4ODcxMzEyNywic2lkIjoic2Vzc18yU0VZQzhweU1MQjVtOUw4dlRGRGhFaEZmWWYiLCJzdWIiOiJ1c2VyXzJSUHg1WnNvZ2VERmhKdWJ0bncwUGtLSDZiNiJ9.C1pUPcoS5w9v72Q3zHi-WIvqsTjKliBqqXu1waAkZbzPwSArx8uA28Kuyh0N4aj6C1PrOEu5dxLXMsrDws0PKIfWbPC4GUy4uG-63E-gF0oHqaNEk-ZZiGFv7I--WYbwDj9dHnwXkTU4psoET38TvMe9l4M-rpRU0NuK64jXzxtJOnRHYsXIAKbt56pRkqgQPZ2uOem56zGRa6fTw345jlQuR92jIo7s4EQGGuS3M7eOiNQ0XNXNX7X60MVzoywUXd7HsixXeoqnfjvao65lFktYjuutEXcP-Lh5pBKUiLOL0-jhY-DKt3jyVXSKaDmLE8fNB3YYyYkXh6ShCnJwXw'
      },
      method: 'GET',
      httpVersion: '1.1',
      originalUrl: '/',
      query: {}
    },
    res: { statusCode: 500 },
    responseTime: 17
  },
  level: 'error',
  message: 'HTTP GET /'
}
{
  meta: {
    req: {
      url: '/',
      headers: {
        host: 'localhost:4000',
        connection: 'keep-alive',
        'cache-control': 'max-age=0',
        'sec-ch-ua': '"Not.A/Brand";v="8", "Chromium";v="114", "Google Chrome";v="114"',
        'sec-ch-ua-mobile': '?0',
        'sec-ch-ua-platform': '"Windows"',
        dnt: '1',
        'upgrade-insecure-requests': '1',
        'user-agent': 'Mozilla/5.0 (Windows NT 10.0; Win64; x64) AppleWebKit/537.36 (KHTML, like Gecko) Chrome/114.0.0.0 Safari/537.36',
        accept: 'text/html,application/xhtml+xml,application/xml;q=0.9,image/avif,image/webp,image/apng,*/*;q=0.8,application/signed-exchange;v=b3;q=0.7',
        'sec-fetch-site': 'cross-site',
        'sec-fetch-mode': 'navigate',
        'sec-fetch-user': '?1',
        'sec-fetch-dest': 'document',
        'accept-encoding': 'gzip, deflate, br',
        'accept-language': 'en,en-US;q=0.9,ro;q=0.8,fr;q=0.7',
        cookie: '__session=eyJhbGciOiJSUzI1NiIsImtpZCI6Imluc18yUlBkSjFHT1oxcW00Tk80bU1PdFAxdWZCa2wiLCJ0eXAiOiJKV1QifQ.eyJhenAiOiJodHRwOi8vbG9jYWxob3N0OjMwMDAiLCJleHAiOjE2ODg3MTMxOTcsImlhdCI6MTY4ODcxMzEzNywiaXNzIjoiaHR0cHM6Ly9nbG9yaW91cy1zdW5maXNoLTYxLmNsZXJrLmFjY291bnRzLmRldiIsIm5iZiI6MTY4ODcxMzEyNywic2lkIjoic2Vzc18yU0VZQzhweU1MQjVtOUw4dlRGRGhFaEZmWWYiLCJzdWIiOiJ1c2VyXzJSUHg1WnNvZ2VERmhKdWJ0bncwUGtLSDZiNiJ9.C1pUPcoS5w9v72Q3zHi-WIvqsTjKliBqqXu1waAkZbzPwSArx8uA28Kuyh0N4aj6C1PrOEu5dxLXMsrDws0PKIfWbPC4GUy4uG-63E-gF0oHqaNEk-ZZiGFv7I--WYbwDj9dHnwXkTU4psoET38TvMe9l4M-rpRU0NuK64jXzxtJOnRHYsXIAKbt56pRkqgQPZ2uOem56zGRa6fTw345jlQuR92jIo7s4EQGGuS3M7eOiNQ0XNXNX7X60MVzoywUXd7HsixXeoqnfjvao65lFktYjuutEXcP-Lh5pBKUiLOL0-jhY-DKt3jyVXSKaDmLE8fNB3YYyYkXh6ShCnJwXw; connect.sid=s%3ACiXXz6VjUCWoSew0pZ9xiPW5u6qwaCvR.0uG8WLkpDOgslMgomCto%2BEwKsXjMSd73FNKEFFq6Ng4'
      },
      method: 'GET',
      httpVersion: '1.1',
      originalUrl: '/',
      query: {}
    },
    res: { statusCode: 500 },
    responseTime: 14
  },
  level: 'error',
  message: 'HTTP GET /'
}
{
  meta: {
    req: {
      url: '/',
      headers: {
        host: 'localhost:4000',
        connection: 'keep-alive',
        'cache-control': 'max-age=0',
        'sec-ch-ua': '"Not.A/Brand";v="8", "Chromium";v="114", "Google Chrome";v="114"',
        'sec-ch-ua-mobile': '?0',
        'sec-ch-ua-platform': '"Windows"',
        dnt: '1',
        'upgrade-insecure-requests': '1',
        'user-agent': 'Mozilla/5.0 (Windows NT 10.0; Win64; x64) AppleWebKit/537.36 (KHTML, like Gecko) Chrome/114.0.0.0 Safari/537.36',
        accept: 'text/html,application/xhtml+xml,application/xml;q=0.9,image/avif,image/webp,image/apng,*/*;q=0.8,application/signed-exchange;v=b3;q=0.7',
        'sec-fetch-site': 'cross-site',
        'sec-fetch-mode': 'navigate',
        'sec-fetch-user': '?1',
        'sec-fetch-dest': 'document',
        'accept-encoding': 'gzip, deflate, br',
        'accept-language': 'en,en-US;q=0.9,ro;q=0.8,fr;q=0.7',
        cookie: '__session=eyJhbGciOiJSUzI1NiIsImtpZCI6Imluc18yUlBkSjFHT1oxcW00Tk80bU1PdFAxdWZCa2wiLCJ0eXAiOiJKV1QifQ.eyJhenAiOiJodHRwOi8vbG9jYWxob3N0OjMwMDAiLCJleHAiOjE2ODg3MTMxOTcsImlhdCI6MTY4ODcxMzEzNywiaXNzIjoiaHR0cHM6Ly9nbG9yaW91cy1zdW5maXNoLTYxLmNsZXJrLmFjY291bnRzLmRldiIsIm5iZiI6MTY4ODcxMzEyNywic2lkIjoic2Vzc18yU0VZQzhweU1MQjVtOUw4dlRGRGhFaEZmWWYiLCJzdWIiOiJ1c2VyXzJSUHg1WnNvZ2VERmhKdWJ0bncwUGtLSDZiNiJ9.C1pUPcoS5w9v72Q3zHi-WIvqsTjKliBqqXu1waAkZbzPwSArx8uA28Kuyh0N4aj6C1PrOEu5dxLXMsrDws0PKIfWbPC4GUy4uG-63E-gF0oHqaNEk-ZZiGFv7I--WYbwDj9dHnwXkTU4psoET38TvMe9l4M-rpRU0NuK64jXzxtJOnRHYsXIAKbt56pRkqgQPZ2uOem56zGRa6fTw345jlQuR92jIo7s4EQGGuS3M7eOiNQ0XNXNX7X60MVzoywUXd7HsixXeoqnfjvao65lFktYjuutEXcP-Lh5pBKUiLOL0-jhY-DKt3jyVXSKaDmLE8fNB3YYyYkXh6ShCnJwXw; connect.sid=s%3ACiXXz6VjUCWoSew0pZ9xiPW5u6qwaCvR.0uG8WLkpDOgslMgomCto%2BEwKsXjMSd73FNKEFFq6Ng4'
      },
      method: 'GET',
      httpVersion: '1.1',
      originalUrl: '/',
      query: {}
    },
    res: { statusCode: 500 },
    responseTime: 9
  },
  level: 'error',
  message: 'HTTP GET /'
}
{
  meta: {
    req: {
      url: '/',
      headers: {
        host: 'localhost:4000',
        connection: 'keep-alive',
        'cache-control': 'max-age=0',
        'sec-ch-ua': '"Not.A/Brand";v="8", "Chromium";v="114", "Google Chrome";v="114"',
        'sec-ch-ua-mobile': '?0',
        'sec-ch-ua-platform': '"Windows"',
        dnt: '1',
        'upgrade-insecure-requests': '1',
        'user-agent': 'Mozilla/5.0 (Windows NT 10.0; Win64; x64) AppleWebKit/537.36 (KHTML, like Gecko) Chrome/114.0.0.0 Safari/537.36',
        accept: 'text/html,application/xhtml+xml,application/xml;q=0.9,image/avif,image/webp,image/apng,*/*;q=0.8,application/signed-exchange;v=b3;q=0.7',
        'sec-fetch-site': 'cross-site',
        'sec-fetch-mode': 'navigate',
        'sec-fetch-user': '?1',
        'sec-fetch-dest': 'document',
        'accept-encoding': 'gzip, deflate, br',
        'accept-language': 'en,en-US;q=0.9,ro;q=0.8,fr;q=0.7',
        cookie: '__session=eyJhbGciOiJSUzI1NiIsImtpZCI6Imluc18yUlBkSjFHT1oxcW00Tk80bU1PdFAxdWZCa2wiLCJ0eXAiOiJKV1QifQ.eyJhenAiOiJodHRwOi8vbG9jYWxob3N0OjMwMDAiLCJleHAiOjE2ODg3MTMxOTcsImlhdCI6MTY4ODcxMzEzNywiaXNzIjoiaHR0cHM6Ly9nbG9yaW91cy1zdW5maXNoLTYxLmNsZXJrLmFjY291bnRzLmRldiIsIm5iZiI6MTY4ODcxMzEyNywic2lkIjoic2Vzc18yU0VZQzhweU1MQjVtOUw4dlRGRGhFaEZmWWYiLCJzdWIiOiJ1c2VyXzJSUHg1WnNvZ2VERmhKdWJ0bncwUGtLSDZiNiJ9.C1pUPcoS5w9v72Q3zHi-WIvqsTjKliBqqXu1waAkZbzPwSArx8uA28Kuyh0N4aj6C1PrOEu5dxLXMsrDws0PKIfWbPC4GUy4uG-63E-gF0oHqaNEk-ZZiGFv7I--WYbwDj9dHnwXkTU4psoET38TvMe9l4M-rpRU0NuK64jXzxtJOnRHYsXIAKbt56pRkqgQPZ2uOem56zGRa6fTw345jlQuR92jIo7s4EQGGuS3M7eOiNQ0XNXNX7X60MVzoywUXd7HsixXeoqnfjvao65lFktYjuutEXcP-Lh5pBKUiLOL0-jhY-DKt3jyVXSKaDmLE8fNB3YYyYkXh6ShCnJwXw; connect.sid=s%3ACiXXz6VjUCWoSew0pZ9xiPW5u6qwaCvR.0uG8WLkpDOgslMgomCto%2BEwKsXjMSd73FNKEFFq6Ng4'
      },
      method: 'GET',
      httpVersion: '1.1',
      originalUrl: '/',
      query: {}
    },
    res: { statusCode: 500 },
    responseTime: 5
  },
  level: 'error',
  message: 'HTTP GET /'
}
{
  meta: {
    req: {
      url: '/',
      headers: {
        host: 'localhost:4000',
        connection: 'keep-alive',
        'cache-control': 'max-age=0',
        'sec-ch-ua': '"Not.A/Brand";v="8", "Chromium";v="114", "Google Chrome";v="114"',
        'sec-ch-ua-mobile': '?0',
        'sec-ch-ua-platform': '"Windows"',
        dnt: '1',
        'upgrade-insecure-requests': '1',
        'user-agent': 'Mozilla/5.0 (Windows NT 10.0; Win64; x64) AppleWebKit/537.36 (KHTML, like Gecko) Chrome/114.0.0.0 Safari/537.36',
        accept: 'text/html,application/xhtml+xml,application/xml;q=0.9,image/avif,image/webp,image/apng,*/*;q=0.8,application/signed-exchange;v=b3;q=0.7',
        'sec-fetch-site': 'cross-site',
        'sec-fetch-mode': 'navigate',
        'sec-fetch-user': '?1',
        'sec-fetch-dest': 'document',
        'accept-encoding': 'gzip, deflate, br',
        'accept-language': 'en,en-US;q=0.9,ro;q=0.8,fr;q=0.7',
        cookie: '__session=eyJhbGciOiJSUzI1NiIsImtpZCI6Imluc18yUlBkSjFHT1oxcW00Tk80bU1PdFAxdWZCa2wiLCJ0eXAiOiJKV1QifQ.eyJhenAiOiJodHRwOi8vbG9jYWxob3N0OjMwMDAiLCJleHAiOjE2ODg3MTMxOTcsImlhdCI6MTY4ODcxMzEzNywiaXNzIjoiaHR0cHM6Ly9nbG9yaW91cy1zdW5maXNoLTYxLmNsZXJrLmFjY291bnRzLmRldiIsIm5iZiI6MTY4ODcxMzEyNywic2lkIjoic2Vzc18yU0VZQzhweU1MQjVtOUw4dlRGRGhFaEZmWWYiLCJzdWIiOiJ1c2VyXzJSUHg1WnNvZ2VERmhKdWJ0bncwUGtLSDZiNiJ9.C1pUPcoS5w9v72Q3zHi-WIvqsTjKliBqqXu1waAkZbzPwSArx8uA28Kuyh0N4aj6C1PrOEu5dxLXMsrDws0PKIfWbPC4GUy4uG-63E-gF0oHqaNEk-ZZiGFv7I--WYbwDj9dHnwXkTU4psoET38TvMe9l4M-rpRU0NuK64jXzxtJOnRHYsXIAKbt56pRkqgQPZ2uOem56zGRa6fTw345jlQuR92jIo7s4EQGGuS3M7eOiNQ0XNXNX7X60MVzoywUXd7HsixXeoqnfjvao65lFktYjuutEXcP-Lh5pBKUiLOL0-jhY-DKt3jyVXSKaDmLE8fNB3YYyYkXh6ShCnJwXw; connect.sid=s%3ACiXXz6VjUCWoSew0pZ9xiPW5u6qwaCvR.0uG8WLkpDOgslMgomCto%2BEwKsXjMSd73FNKEFFq6Ng4'
      },
      method: 'GET',
      httpVersion: '1.1',
      originalUrl: '/',
      query: {}
    },
    res: { statusCode: 500 },
    responseTime: 7
  },
  level: 'error',
  message: 'HTTP GET /'
}
