7/20/2023, 10:19:04 PM 81 Cannot POST
7/20/2023, 10:21:18 PM 200 OK 2339 Welcome incolorate
7/20/2023, 10:21:25 PM 200 OK 88 Welcome incolorate
7/20/2023, 10:23:51 PM 200 OK 54 Welcome incolorate
7/20/2023, 10:37:20 PM,200,OK,90
7/20/2023, 10:41:59 PM,200,OK,73ms POST [object Object]
7/20/2023, 10:41:59 PM,200,OK,73ms POST [object Object]
7/20/2023, 10:44:50 PM,200,OK,94ms POST /writelog
7/20/2023, 10:45:18 PM,200,OK,6120ms POST /writelog
7/20/2023, 10:45:36 PM,404,Not Found,594ms POST /writelog
ms POST /writelog
ms POST /writelog
ms POST /writelog
7/21/2023, 7:08:44 AM,404,Not Found,ms POST /writelog
7/21/2023, 7:08:46 AM,404,Not Found,93ms POST /writelog
7/21/2023, 7:09:13 AM,404,Not Found,81ms POST /writelog
7/21/2023, 7:13:49 AM,404,Not Found,330ms POST /writelog
ms POST /writelog
ms POST /writelog
7/21/2023, 7:15:16 AM,200,OK,ms POST /writelog
7/21/2023, 7:15:19 AM,404,Not Found,59ms POST /writelog
7/21/2023, 7:15:23 AM,404,Not Found,34ms 
7/21/2023, 7:22:18 AM,404,Not Found,56ms 
7/21/2023, 7:22:42 AM 404 Not Found 6245ms 
7/21/2023, 7:23:31 AM 404 Not Found 39ms 
ms 
7/21/2023, 7:23:44 AM 404 Not Found ms 
7/21/2023, 7:24:01 AM 404 Not Found 193ms 
7/21/2023, 7:24:38 AM 404 Not Found 10ms 
7/21/2023, 7:25:15 AM 404 Not Found 7ms 
7/21/2023, 7:25:39 AM 404 Not Found 9 http://localhost:4000/user/loginms 
7/21/2023, 7:25:46 AM 404 Not Found 21 http://localhost:4000/user/loginms 
7/21/2023, 7:37:09 AM 200 OK 9 Access link http://localhost:4000/productsms 
7/21/2023, 7:38:40 AM 404 Not Found 10ms 
7/21/2023, 7:39:07 AM 200 OK 10ms 
7/21/2023, 8:17:27 AM 200 OK 337ms 
7/21/2023, 8:17:33 AM 404 Not Found 248 Access link http://localhost:4000/user/loginms 
7/21/2023, 8:17:37 AM 200 OK 10ms 
7/21/2023, 8:48:49 AM 200 OK 41ms 
ms 
7/21/2023, 9:40:56 AM 404 Not Found  Access link http://localhost:4000/products3ms 
7/21/2023, 9:42:07 AM 200 OK 14 Access link http://localhost:4000/productsms 
7/21/2023, 9:42:11 AM 404 Not Found 14 Access link ;lms 
7/21/2023, 9:42:11 AM 404 Not Found 306 Access link ;lms 
7/21/2023, 9:42:17 AM 200 OK 83 Access link http://localhost:4000/productsms 
7/21/2023, 9:42:20 AM 200 OK 14 Access link http://localhost:4000/productsms 
7/21/2023, 9:42:20 AM 200 OK 13 Access link http://localhost:4000/productsms 
7/21/2023, 9:42:28 AM 404 Not Found 10 Access link http://localhost:4000/productskhms 
7/21/2023, 9:42:42 AM 404 Not Found 13 Access link http://localhost:4000/user/loginms 
7/21/2023, 9:42:47 AM 200 OK 10ms 
7/21/2023, 9:43:01 AM 404 Not Found 255ms 
7/21/2023, 9:43:03 AM 404 Not Found 43ms 
ms 
7/21/2023, 10:03:45 AM 200 OK  Access link http://localhost:4000/productsms 
7/21/2023, 10:04:35 AM 404 Not Found 10 Access link http://localhost:4000/productsdsms 
ms 
7/21/2023, 10:05:09 AM 200 OK 10ms 
7/21/2023, 10:06:08 AM 200 OK 49ms 
7/21/2023, 10:06:08 AM 200 OK 42ms 
7/21/2023, 10:06:09 AM 200 OK 36ms 
7/21/2023, 10:11:41 AM 904 Access link http://localhost:4000/productsms 
7/21/2023, 10:12:13 AM 500 Internal Server Error 3740 Access link http://localhost:4000/productsms 
7/21/2023, 10:12:46 AM 500 Internal Server Error 642 Access link http://localhost:4000/productsms 
7/21/2023, 10:12:46 AM 500 Internal Server Error 15 Access link http://localhost:4000/productsms 
7/21/2023, 10:12:46 AM 500 Internal Server Error 11 Access link http://localhost:4000/productsms 
